-------------------------------------------------------------------------------
Test set: org.mps.deque.DoublyLinkedListDequeTest$QueuesSizeTests
-------------------------------------------------------------------------------
Tests run: 3, Failures: 0, Errors: 0, Skipped: 0, Time elapsed: 0.005 s - in org.mps.deque.DoublyLinkedListDequeTest$QueuesSizeTests
org.mps.deque.DoublyLinkedListDequeTest$QueuesSizeTests.sizeOfAThreeItemsQueueIsThree  Time elapsed: 0 s
org.mps.deque.DoublyLinkedListDequeTest$QueuesSizeTests.sizeOfAnEmptyListIsZero  Time elapsed: 0.001 s
org.mps.deque.DoublyLinkedListDequeTest$QueuesSizeTests.sizeOfASingleItemQueueIsOne  Time elapsed: 0.001 s
