-------------------------------------------------------------------------------
Test set: org.mps.deque.DoublyLinkedListDequeTest$QueuesSizeTests
-------------------------------------------------------------------------------
Tests run: 3, Failures: 0, Errors: 0, Skipped: 0, Time elapsed: 0.068 s - in org.mps.deque.DoublyLinkedListDequeTest$QueuesSizeTests
org.mps.deque.DoublyLinkedListDequeTest$QueuesSizeTests.sizeOfATwoItemsListIsThree  Time elapsed: 0.048 s
org.mps.deque.DoublyLinkedListDequeTest$QueuesSizeTests.sizeOfAnEmptyListIsZero  Time elapsed: 0.001 s
org.mps.deque.DoublyLinkedListDequeTest$QueuesSizeTests.sizeOfAnOneItemListIsOne  Time elapsed: 0.001 s
