-------------------------------------------------------------------------------
Test set: org.mps.deque.DequeNodeTest$MultipleNodeTest
-------------------------------------------------------------------------------
Tests run: 3, Failures: 0, Errors: 0, Skipped: 0, Time elapsed: 0.104 s - in org.mps.deque.DequeNodeTest$MultipleNodeTest
org.mps.deque.DequeNodeTest$MultipleNodeTest.testThatALastNodeisTerminal  Time elapsed: 0.07 s
org.mps.deque.DequeNodeTest$MultipleNodeTest.testThatNodeIsNotTerminal  Time elapsed: 0.003 s
org.mps.deque.DequeNodeTest$MultipleNodeTest.middleNodeIsNotNeitherFirstNorLast  Time elapsed: 0.002 s
